<?xml version="1.0" encoding="UTF-8"?>
<!-- Generated by org.testng.reporters.JUnitReportReporter -->
<testsuite hostname="Sirishas-Air" failures="0" tests="3" name="com.test.GoogleTest" time="12.456" errors="0" timestamp="28 Mar 2019 21:51:14 GMT" skipped="0">
  <testcase classname="com.test.GoogleTest" name="getTitleTest" time="2.800"/>
  <testcase classname="com.test.GoogleTest" name="StoreDisplayTest" time="2.846"/>
  <testcase classname="com.test.GoogleTest" name="GmailDisplayTest" time="6.810"/>
</testsuite> <!-- com.test.GoogleTest -->
