<?xml version="1.0" encoding="UTF-8"?>
<!-- Generated by org.testng.reporters.JUnitReportReporter -->
<testsuite hostname="Sirishas-MacBook-Air.local" failures="0" tests="4" name="com.selenium.test.TestSetup" time="9.243" errors="0" timestamp="01 Apr 2019 14:12:14 GMT" skipped="0">
  <testcase classname="com.selenium.test.TestSetup" name="testMenu" time="0.216"/>
  <testcase classname="com.selenium.test.TestSetup" name="testTitle" time="0.011"/>
  <testcase classname="com.selenium.test.TestSetup" name="setupPage" time="5.184"/>
  <testcase classname="com.selenium.test.TestSetup" name="initiateBrowserTest" time="3.832"/>
</testsuite> <!-- com.selenium.test.TestSetup -->
