<?xml version="1.0" encoding="UTF-8"?>
<!-- Generated by org.testng.reporters.JUnitReportReporter -->
<testsuite hostname="Sirishas-Air" failures="0" tests="1" name="com.test.testNGBasics" time="0.008" errors="0" timestamp="28 Mar 2019 20:03:59 GMT" skipped="0">
  <testcase classname="com.test.testNGBasics" name="googleTitleTest" time="0.008"/>
</testsuite> <!-- com.test.testNGBasics -->
